# JRE version: OpenJDK Runtime Environment (8.0_91-b14) (build 1.8.0_91-8u91-b14-0ubuntu4~16.04.1-b14)
# Java VM: OpenJDK 64-Bit Server VM (25.91-b14 mixed mode linux-amd64 compressed oops)
Heap:
 PSYoungGen      total 107008K, used 5584K [0x00000000eab00000, 0x00000000f6300000, 0x0000000100000000)
  eden space 92672K, 0% used [0x00000000eab00000,0x00000000eab00000,0x00000000f0580000)
  from space 14336K, 38% used [0x00000000f0580000,0x00000000f0af43e8,0x00000000f1380000)
  to   space 19968K, 0% used [0x00000000f4f80000,0x00000000f4f80000,0x00000000f6300000)
 ParOldGen       total 32768K, used 32430K [0x00000000c0000000, 0x00000000c2000000, 0x00000000eab00000)
  object space 32768K, 98% used [0x00000000c0000000,0x00000000c1fabb50,0x00000000c2000000)
 Metaspace       used 6037K, capacity 7088K, committed 7296K, reserved 1056768K
  class space    used 565K, capacity 616K, committed 640K, reserved 1048576K
GC Heap History (10 events):
Event: 4.890 GC heap after
Heap after GC invocations=5 (full 0):
 PSYoungGen      total 26624K, used 2039K [0x00000000eab00000, 0x00000000ee800000, 0x0000000100000000)
  eden space 24576K, 0% used [0x00000000eab00000,0x00000000eab00000,0x00000000ec300000)
  from space 2048K, 99% used [0x00000000ec300000,0x00000000ec4fdd08,0x00000000ec500000)
  to   space 6656K, 0% used [0x00000000ee180000,0x00000000ee180000,0x00000000ee800000)
 ParOldGen       total 32768K, used 10303K [0x00000000c0000000, 0x00000000c2000000, 0x00000000eab00000)
  object space 32768K, 31% used [0x00000000c0000000,0x00000000c0a0fc60,0x00000000c2000000)
 Metaspace       used 5748K, capacity 6832K, committed 7040K, reserved 1056768K
  class space    used 565K, capacity 616K, committed 640K, reserved 1048576K
}
Event: 5.155 GC heap before
{Heap before GC invocations=6 (full 0):
 PSYoungGen      total 26624K, used 26615K [0x00000000eab00000, 0x00000000ee800000, 0x0000000100000000)
  eden space 24576K, 100% used [0x00000000eab00000,0x00000000ec300000,0x00000000ec300000)
  from space 2048K, 99% used [0x00000000ec300000,0x00000000ec4fdd08,0x00000000ec500000)
  to   space 6656K, 0% used [0x00000000ee180000,0x00000000ee180000,0x00000000ee800000)
 ParOldGen       total 32768K, used 10303K [0x00000000c0000000, 0x00000000c2000000, 0x00000000eab00000)
  object space 32768K, 31% used [0x00000000c0000000,0x00000000c0a0fc60,0x00000000c2000000)
 Metaspace       used 5750K, capacity 6832K, committed 7040K, reserved 1056768K
  class space    used 565K, capacity 616K, committed 640K, reserved 1048576K
Event: 5.187 GC heap after
Heap after GC invocations=6 (full 0):
 PSYoungGen      total 54784K, used 6425K [0x00000000eab00000, 0x00000000eea00000, 0x0000000100000000)
  eden space 48128K, 0% used [0x00000000eab00000,0x00000000eab00000,0x00000000eda00000)
  from space 6656K, 96% used [0x00000000ee180000,0x00000000ee7c67e8,0x00000000ee800000)
  to   space 7680K, 0% used [0x00000000eda00000,0x00000000eda00000,0x00000000ee180000)
 ParOldGen       total 32768K, used 10303K [0x00000000c0000000, 0x00000000c2000000, 0x00000000eab00000)
  object space 32768K, 31% used [0x00000000c0000000,0x00000000c0a0fc60,0x00000000c2000000)
 Metaspace       used 5750K, capacity 6832K, committed 7040K, reserved 1056768K
  class space    used 565K, capacity 616K, committed 640K, reserved 1048576K
}
Event: 5.945 GC heap before
{Heap before GC invocations=7 (full 0):
 PSYoungGen      total 54784K, used 54553K [0x00000000eab00000, 0x00000000eea00000, 0x0000000100000000)
  eden space 48128K, 100% used [0x00000000eab00000,0x00000000eda00000,0x00000000eda00000)
  from space 6656K, 96% used [0x00000000ee180000,0x00000000ee7c67e8,0x00000000ee800000)
  to   space 7680K, 0% used [0x00000000eda00000,0x00000000eda00000,0x00000000ee180000)
 ParOldGen       total 32768K, used 10303K [0x00000000c0000000, 0x00000000c2000000, 0x00000000eab00000)
  object space 32768K, 31% used [0x00000000c0000000,0x00000000c0a0fc60,0x00000000c2000000)
 Metaspace       used 5894K, capacity 6960K, committed 7040K, reserved 1056768K
  class space    used 565K, capacity 616K, committed 640K, reserved 1048576K
Event: 5.994 GC heap after
Heap after GC invocations=7 (full 0):
 PSYoungGen      total 55808K, used 7651K [0x00000000eab00000, 0x00000000f1e00000, 0x0000000100000000)
  eden space 48128K, 0% used [0x00000000eab00000,0x00000000eab00000,0x00000000eda00000)
  from space 7680K, 99% used [0x00000000eda00000,0x00000000ee178d58,0x00000000ee180000)
  to   space 10752K, 0% used [0x00000000f1380000,0x00000000f1380000,0x00000000f1e00000)
 ParOldGen       total 32768K, used 14365K [0x00000000c0000000, 0x00000000c2000000, 0x00000000eab00000)
  object space 32768K, 43% used [0x00000000c0000000,0x00000000c0e074b8,0x00000000c2000000)
 Metaspace       used 5894K, capacity 6960K, committed 7040K, reserved 1056768K
  class space    used 565K, capacity 616K, committed 640K, reserved 1048576K
}
Event: 6.360 GC heap before
{Heap before GC invocations=8 (full 0):
 PSYoungGen      total 55808K, used 55779K [0x00000000eab00000, 0x00000000f1e00000, 0x0000000100000000)
  eden space 48128K, 100% used [0x00000000eab00000,0x00000000eda00000,0x00000000eda00000)
  from space 7680K, 99% used [0x00000000eda00000,0x00000000ee178d58,0x00000000ee180000)
  to   space 10752K, 0% used [0x00000000f1380000,0x00000000f1380000,0x00000000f1e00000)
 ParOldGen       total 32768K, used 14365K [0x00000000c0000000, 0x00000000c2000000, 0x00000000eab00000)
  object space 32768K, 43% used [0x00000000c0000000,0x00000000c0e074b8,0x00000000c2000000)
 Metaspace       used 5913K, capacity 6960K, committed 7040K, reserved 1056768K
  class space    used 565K, capacity 616K, committed 640K, reserved 1048576K
Event: 6.466 GC heap after
Heap after GC invocations=8 (full 0):
 PSYoungGen      total 103424K, used 10746K [0x00000000eab00000, 0x00000000f2500000, 0x0000000100000000)
  eden space 92672K, 0% used [0x00000000eab00000,0x00000000eab00000,0x00000000f0580000)
  from space 10752K, 99% used [0x00000000f1380000,0x00000000f1dfea78,0x00000000f1e00000)
  to   space 14336K, 0% used [0x00000000f0580000,0x00000000f0580000,0x00000000f1380000)
 ParOldGen       total 32768K, used 18469K [0x00000000c0000000, 0x00000000c2000000, 0x00000000eab00000)
  object space 32768K, 56% used [0x00000000c0000000,0x00000000c1209570,0x00000000c2000000)
 Metaspace       used 5913K, capacity 6960K, committed 7040K, reserved 1056768K
  class space    used 565K, capacity 616K, committed 640K, reserved 1048576K
}
Event: 7.151 GC heap before
{Heap before GC invocations=9 (full 0):
 PSYoungGen      total 103424K, used 103418K [0x00000000eab00000, 0x00000000f2500000, 0x0000000100000000)
  eden space 92672K, 100% used [0x00000000eab00000,0x00000000f0580000,0x00000000f0580000)
  from space 10752K, 99% used [0x00000000f1380000,0x00000000f1dfea78,0x00000000f1e00000)
  to   space 14336K, 0% used [0x00000000f0580000,0x00000000f0580000,0x00000000f1380000)
 ParOldGen       total 32768K, used 18469K [0x00000000c0000000, 0x00000000c2000000, 0x00000000eab00000)
  object space 32768K, 56% used [0x00000000c0000000,0x00000000c1209570,0x00000000c2000000)
 Metaspace       used 6037K, capacity 7088K, committed 7296K, reserved 1056768K
  class space    used 565K, capacity 616K, committed 640K, reserved 1048576K
Event: 7.221 GC heap after
Heap after GC invocations=9 (full 0):
 PSYoungGen      total 107008K, used 14304K [0x00000000eab00000, 0x00000000f6300000, 0x0000000100000000)
  eden space 92672K, 0% used [0x00000000eab00000,0x00000000eab00000,0x00000000f0580000)
  from space 14336K, 99% used [0x00000000f0580000,0x00000000f1378210,0x00000000f1380000)
  to   space 19968K, 0% used [0x00000000f4f80000,0x00000000f4f80000,0x00000000f6300000)
 ParOldGen       total 32768K, used 26900K [0x00000000c0000000, 0x00000000c2000000, 0x00000000eab00000)
  object space 32768K, 82% used [0x00000000c0000000,0x00000000c1a453a0,0x00000000c2000000)
 Metaspace       used 6037K, capacity 7088K, committed 7296K, reserved 1056768K
  class space    used 565K, capacity 616K, committed 640K, reserved 1048576K
}
Event: 7.221 GC heap before
{Heap before GC invocations=10 (full 1):
 PSYoungGen      total 107008K, used 14304K [0x00000000eab00000, 0x00000000f6300000, 0x0000000100000000)
  eden space 92672K, 0% used [0x00000000eab00000,0x00000000eab00000,0x00000000f0580000)
  from space 14336K, 99% used [0x00000000f0580000,0x00000000f1378210,0x00000000f1380000)
  to   space 19968K, 0% used [0x00000000f4f80000,0x00000000f4f80000,0x00000000f6300000)
 ParOldGen       total 32768K, used 26900K [0x00000000c0000000, 0x00000000c2000000, 0x00000000eab00000)
  object space 32768K, 82% used [0x00000000c0000000,0x00000000c1a453a0,0x00000000c2000000)
 Metaspace       used 6037K, capacity 7088K, committed 7296K, reserved 1056768K
  class space    used 565K, capacity 616K, committed 640K, reserved 1048576K

